<?xml version="1.0" encoding="UTF-8"?>
<robot generator="Robot 3.2.1 (Python 3.8.2 on win32)" generated="20200722 03:34:26.218" rpa="false">
<suite id="s1" name="Cart officemate" source="D:\robot-demo\tests\Cart_officemate.robot">
<test id="s1-t1" name="Add to Cart">
<kw name=" Open Browser officemate">
<kw name="Open Browser" library="Selenium2Library">
<doc>Opens a new browser instance to the optional ``url``.</doc>
<arguments>
<arg>${url_officemate}</arg>
<arg>chrome</arg>
</arguments>
<msg timestamp="20200722 03:34:26.415" level="INFO">Opening browser 'chrome' to base url 'https://www.officemate.co.th'.</msg>
<status status="PASS" starttime="20200722 03:34:26.415" endtime="20200722 03:34:32.882"></status>
</kw>
<status status="PASS" starttime="20200722 03:34:26.415" endtime="20200722 03:34:32.882"></status>
</kw>
<kw name="Search canon calulator">
<kw name="Input Text" library="Selenium2Library">
<doc>Types the given ``text`` into the text field identified by ``locator``.</doc>
<arguments>
<arg>${input_search}</arg>
<arg>${input_item}</arg>
</arguments>
<msg timestamp="20200722 03:34:32.883" level="INFO">Typing text '//input[@value="canon calulator"]' into text field '//*[@class="_5vxBY _32CNv _2MLml"]'.</msg>
<status status="PASS" starttime="20200722 03:34:32.883" endtime="20200722 03:34:33.649"></status>
</kw>
<status status="PASS" starttime="20200722 03:34:32.882" endtime="20200722 03:34:33.649"></status>
</kw>
<kw name="Click Button Search">
<kw name="Click Element" library="Selenium2Library">
<doc>Click the element identified by ``locator``.</doc>
<arguments>
<arg>${btn_search}</arg>
</arguments>
<msg timestamp="20200722 03:34:33.651" level="INFO">Clicking element '//div[@id='btn-searchResultPage']'.</msg>
<status status="PASS" starttime="20200722 03:34:33.651" endtime="20200722 03:34:33.783"></status>
</kw>
<kw name="Wait Until Page Contains Element" library="Selenium2Library">
<doc>Waits until the element ``locator`` appears on the current page.</doc>
<arguments>
<arg>${btn_Sort} 10s</arg>
</arguments>
<kw name="Capture Page Screenshot" library="Selenium2Library">
<doc>Takes a screenshot of the current page and embeds it into a log file.</doc>
<msg timestamp="20200722 03:34:39.966" level="INFO" html="yes">&lt;/td&gt;&lt;/tr&gt;&lt;tr&gt;&lt;td colspan="3"&gt;&lt;a href="selenium-screenshot-12.png"&gt;&lt;img src="selenium-screenshot-12.png" width="800px"&gt;&lt;/a&gt;</msg>
<status status="PASS" starttime="20200722 03:34:39.410" endtime="20200722 03:34:39.967"></status>
</kw>
<msg timestamp="20200722 03:34:39.972" level="FAIL">Element '(.//*[normalize-space(text()) and normalize-space(.)='จัดเรียงตาม'])[2]/following::*[name()='svg'][1] 10s' did not appear in 5 seconds.</msg>
<status status="FAIL" starttime="20200722 03:34:33.783" endtime="20200722 03:34:39.972"></status>
</kw>
<status status="FAIL" starttime="20200722 03:34:33.650" endtime="20200722 03:34:39.974"></status>
</kw>
<status status="FAIL" starttime="20200722 03:34:26.414" endtime="20200722 03:34:39.977" critical="yes">Element '(.//*[normalize-space(text()) and normalize-space(.)='จัดเรียงตาม'])[2]/following::*[name()='svg'][1] 10s' did not appear in 5 seconds.</status>
</test>
<test id="s1-t2" name="Test Teardown">
<kw name="Close Browser" library="Selenium2Library">
<doc>Closes the current browser.</doc>
<status status="PASS" starttime="20200722 03:34:39.983" endtime="20200722 03:34:42.881"></status>
</kw>
<status status="PASS" starttime="20200722 03:34:39.982" endtime="20200722 03:34:42.883" critical="yes"></status>
</test>
<kw name="Close Browser" library="Selenium2Library" type="teardown">
<doc>Closes the current browser.</doc>
<status status="PASS" starttime="20200722 03:34:42.888" endtime="20200722 03:34:42.888"></status>
</kw>
<doc>A test suite to search canon calulator lowestprice on officemate and add to cart
Created By Puttraporn C</doc>
<status status="FAIL" starttime="20200722 03:34:26.220" endtime="20200722 03:34:42.888"></status>
</suite>
<statistics>
<total>
<stat pass="1" fail="1">Critical Tests</stat>
<stat pass="1" fail="1">All Tests</stat>
</total>
<tag>
</tag>
<suite>
<stat pass="1" fail="1" id="s1" name="Cart officemate">Cart officemate</stat>
</suite>
</statistics>
<errors>
</errors>
</robot>
